\BOOKMARK [0][-]{section*.2}{\376\377\000P\000r\000e\000f\000a\000c\000e}{}% 1
\BOOKMARK [0][-]{section*.3}{\376\377\000A\000c\000k\000n\000o\000w\000l\000e\000d\000g\000e\000m\000e\000n\000t\000s}{}% 2
\BOOKMARK [0][-]{chapter.9}{\376\377\000I\000n\000t\000r\000o\000d\000u\000c\000t\000i\000o\000n}{}% 3
\BOOKMARK [0][-]{chapter.10}{\376\377\000W\000o\000r\000k\000\040\000E\000n\000v\000i\000r\000o\000n\000m\000e\000n\000t}{}% 4
\BOOKMARK [1][-]{section.12}{\376\377\000B\000a\000n\000g\000\040\000\046\000\040\000O\000l\000u\000f\000s\000e\000n}{chapter.10}% 5
\BOOKMARK [2][-]{subsection.13}{\376\377\000T\000h\000e\000\040\000C\000o\000m\000p\000a\000n\000y}{section.12}% 6
\BOOKMARK [2][-]{subsection.14}{\376\377\000R\000\046\000D\000\040\000A\000c\000o\000u\000s\000t\000i\000c\000s}{section.12}% 7
\BOOKMARK [1][-]{section.16}{\376\377\000E\000x\000p\000l\000o\000r\000a\000t\000i\000o\000n\000\040\000B\000r\000i\000e\000f}{chapter.10}% 8
\BOOKMARK [0][-]{chapter.18}{\376\377\000E\000n\000d\000-\000o\000f\000-\000S\000t\000u\000d\000y\000\040\000P\000r\000o\000j\000e\000c\000t}{}% 9
\BOOKMARK [1][-]{section.19}{\376\377\000T\000h\000e\000o\000r\000e\000t\000i\000c\000a\000l\000\040\000P\000a\000r\000t}{chapter.18}% 10
\BOOKMARK [2][-]{subsection.20}{\376\377\000I\000n\000t\000r\000o\000d\000u\000c\000t\000i\000o\000n}{section.19}% 11
\BOOKMARK [2][-]{subsection.23}{\376\377\000C\000l\000a\000s\000s\000i\000c\000\040\000S\000a\000m\000p\000l\000i\000n\000g\000\040\000R\000a\000t\000e\000\040\000C\000o\000n\000v\000e\000r\000s\000i\000o\000n}{section.19}% 12
\BOOKMARK [2][-]{subsection.28}{\376\377\000L\000o\000w\000p\000a\000s\000s\000\040\000F\000i\000l\000t\000e\000r}{section.19}% 13
\BOOKMARK [3][-]{subsubsection.29}{\376\377\000D\000e\000s\000i\000g\000n}{subsection.28}% 14
\BOOKMARK [3][-]{subsubsection.36}{\376\377\000E\000f\000f\000i\000c\000i\000e\000n\000c\000y}{subsection.28}% 15
\BOOKMARK [2][-]{subsection.38}{\376\377\000I\000m\000p\000r\000o\000v\000e\000m\000e\000n\000t\000s}{section.19}% 16
\BOOKMARK [3][-]{subsubsection.39}{\376\377\000P\000o\000l\000y\000p\000h\000a\000s\000e}{subsection.38}% 17
\BOOKMARK [3][-]{subsubsection.69}{\376\377\000M\000u\000l\000t\000i\000s\000t\000a\000g\000e}{subsection.38}% 18
\BOOKMARK [3][-]{subsubsection.89}{\376\377\000M\000u\000l\000t\000i\000s\000t\000a\000g\000e\000\040\000a\000n\000d\000\040\000P\000o\000l\000y\000p\000h\000a\000s\000e}{subsection.38}% 19
\BOOKMARK [2][-]{subsection.93}{\376\377\000C\000o\000n\000c\000l\000u\000s\000i\000o\000n}{section.19}% 20
\BOOKMARK [1][-]{section.94}{\376\377\000S\000t\000u\000d\000y\000\040\000C\000a\000s\000e}{chapter.18}% 21
\BOOKMARK [2][-]{subsection.95}{\376\377\000F\000i\000l\000t\000e\000r\000\040\000S\000p\000e\000c\000i\000f\000i\000c\000a\000t\000i\000o\000n\000s}{section.94}% 22
\BOOKMARK [2][-]{subsection.98}{\376\377\000M\000u\000l\000t\000i\000s\000t\000a\000g\000e\000\040\000C\000o\000m\000b\000i\000n\000a\000t\000i\000o\000n\000s}{section.94}% 23
\BOOKMARK [2][-]{subsection.103}{\376\377\000N\000u\000m\000b\000e\000r\000\040\000o\000f\000\040\000S\000t\000a\000g\000e\000s}{section.94}% 24
\BOOKMARK [2][-]{subsection.106}{\376\377\000U\000s\000e\000\040\000o\000f\000\040\000M\000i\000n\000i\000m\000u\000m\000-\000P\000h\000a\000s\000e\000\040\000F\000i\000l\000t\000e\000r\000s}{section.94}% 25
\BOOKMARK [2][-]{subsection.107}{\376\377\000A\000s\000s\000e\000s\000s\000m\000e\000n\000t\000\040\000o\000f\000\040\000t\000h\000e\000\040\000Q\000u\000a\000l\000i\000t\000y\000\040\000o\000f\000\040\000t\000h\000e\000\040\000C\000o\000n\000v\000e\000r\000s\000i\000o\000n}{section.94}% 26
\BOOKMARK [2][-]{subsection.111}{\376\377\000C\000o\000m\000p\000a\000r\000i\000s\000o\000n\000\040\000M\000u\000l\000t\000i\000s\000t\000a\000g\000e\000\040\000D\000e\000s\000i\000g\000n}{section.94}% 27
\BOOKMARK [2][-]{subsection.117}{\376\377\000F\000i\000n\000a\000l\000\040\000C\000h\000o\000i\000c\000e}{section.94}% 28
\BOOKMARK [2][-]{subsection.119}{\376\377\000C\000o\000n\000c\000l\000u\000s\000i\000o\000n}{section.94}% 29
\BOOKMARK [1][-]{section.120}{\376\377\000G\000S\000t\000r\000e\000a\000m\000e\000r}{chapter.18}% 30
\BOOKMARK [2][-]{subsection.121}{\376\377\000W\000h\000a\000t\000\040\000i\000s\000\040\000G\000s\000t\000r\000e\000a\000m\000e\000r\000?}{section.120}% 31
\BOOKMARK [2][-]{subsection.122}{\376\377\000C\000o\000r\000e\000\040\000A\000l\000g\000o\000r\000i\000t\000h\000m}{section.120}% 32
\BOOKMARK [2][-]{subsection.123}{\376\377\000E\000f\000f\000i\000c\000i\000e\000n\000c\000y\000\040\000a\000n\000d\000\040\000Q\000u\000a\000l\000i\000t\000y\000\040\000A\000s\000p\000e\000c\000t\000s}{section.120}% 33
\BOOKMARK [2][-]{subsection.126}{\376\377\000C\000o\000n\000c\000l\000u\000s\000i\000o\000n}{section.120}% 34
\BOOKMARK [1][-]{section.127}{\376\377\000F\000u\000t\000u\000r\000e\000\040\000W\000o\000r\000k}{chapter.18}% 35
\BOOKMARK [0][-]{chapter.128}{\376\377\000C\000o\000n\000c\000l\000u\000s\000i\000o\000n}{}% 36
\BOOKMARK [0][-]{appendix.129}{\376\377\000M\000u\000l\000t\000i\000s\000t\000a\000g\000e}{}% 37
\BOOKMARK [1][-]{section.130}{\376\377\000M\000P\000O\000S\000\040\000f\000o\000r\000\040\000S\000o\000m\000e\000\040\000C\000o\000m\000b\000i\000n\000a\000t\000i\000o\000n\000s\000\040\000o\000f\000\040\000a\000\040\000F\000o\000u\000r\000-\000S\000t\000a\000g\000e\000\040\000P\000a\000r\000k\000s\000-\000M\000c\000C\000l\000e\000l\000l\000a\000n}{appendix.129}% 38
\BOOKMARK [0][-]{appendix*.132}{\376\377\000R\000e\000f\000e\000r\000e\000n\000c\000e\000s}{}% 39
